<?xml version="1.0" encoding="UTF-8"?>
<testsuite name="test.java.AlgoTest" tests="12" skipped="0" failures="0" errors="0" timestamp="2018-10-22T06:19:08" hostname="Rishabh" time="0.005">
  <properties/>
  <testcase name="testMergeNull" classname="test.java.AlgoTest" time="0.002"/>
  <testcase name="testSelectionNull" classname="test.java.AlgoTest" time="0.0"/>
  <testcase name="testMerge" classname="test.java.AlgoTest" time="0.0"/>
  <testcase name="testQuick" classname="test.java.AlgoTest" time="0.0"/>
  <testcase name="testHeap" classname="test.java.AlgoTest" time="0.0"/>
  <testcase name="testSelection" classname="test.java.AlgoTest" time="0.0"/>
  <testcase name="testBubbleNull" classname="test.java.AlgoTest" time="0.0"/>
  <testcase name="testHeapNull" classname="test.java.AlgoTest" time="0.0"/>
  <testcase name="testInsertion" classname="test.java.AlgoTest" time="0.001"/>
  <testcase name="testBubble" classname="test.java.AlgoTest" time="0.0"/>
  <testcase name="testInsertionNull" classname="test.java.AlgoTest" time="0.0"/>
  <testcase name="testQuickNull" classname="test.java.AlgoTest" time="0.0"/>
  <system-out><![CDATA[]]></system-out>
  <system-err><![CDATA[]]></system-err>
</testsuite>
